make all --print-data-base --no-builtin-variables --no-builtin-rules --question
# GNU Make 3.81
# Copyright (C) 2006  Free Software Foundation, Inc.
# This is free software; see the source for copying conditions.
# There is NO warranty; not even for MERCHANTABILITY or FITNESS FOR A
# PARTICULAR PURPOSE.

# This program built for i386-apple-darwin11.3.0

# Make data base, printed on Sun Aug 21 09:58:36 2022

# Variables

# automatic
<D = $(patsubst %/,%,$(dir $<))
# automatic
?F = $(notdir $?)
# environment
ELECTRON_NO_ATTACH_CONSOLE = 1
# automatic
?D = $(patsubst %/,%,$(dir $?))
# automatic
@D = $(patsubst %/,%,$(dir $@))
# automatic
@F = $(notdir $@)
# makefile
CURDIR := /Users/glenn/Documents/KTH/CalPoly/Thesis/doc
# makefile
SHELL = /bin/sh
# environment
VSCODE_NLS_CONFIG = {"locale":"sv","availableLanguages":{},"_languagePackSupport":true}
# environment
_ = /usr/bin/make
# makefile (from `Makefile', line 1)
MAKEFILE_LIST :=  Makefile
# environment
__CFBundleIdentifier = com.microsoft.VSCode
# environment
VSCODE_CWD = /Users/glenn/Documents/KTH/CalPoly/Thesis
# environment
PATH = /Users/glenn/.poetry/bin:/Users/glenn/.repobee/bin:/usr/local/sbin:/usr/local/opt/qt/bin:/usr/local/opt/inetutils/libexec/gnubin:/Users/glenn/.jenv/bin:/Users/glenn/Library/Android/sdk/platform-tools:/Library/Java/JavaVirtualMachines/jdk-11.0.1.jdk/Contents/Home/bin:/usr/local/bin:/usr/local/sbin:/Users/glenn/Library/Python/3.7/bin:/Users/glenn/.cargo/bin:/Users/glenn/.repobee/bin:/usr/local/bin:/usr/bin:/bin:/usr/sbin:/sbin:/Library/TeX/texbin:/usr/local/MacGPG2/bin:/opt/X11/bin:/Library/Apple/usr/bin
# environment
GOPATH = /Users/glenn/go
# environment
ELECTRON_RUN_AS_NODE = 1
# environment
ANDROID_HOME = /Users/glenn/Library/Android/sdk
# default
.FEATURES := target-specific order-only second-expansion else-if archives jobserver check-symlink
# environment
SSH_AUTH_SOCK = /private/tmp/com.apple.launchd.vI0rExYlpr/Listeners
# automatic
%F = $(notdir $%)
# environment
GOBIN = /Users/glenn/go/bin
# environment
DISPLAY = /private/tmp/com.apple.launchd.DOxPGpFTeb/org.macosforge.xquartz:0
# environment
MODUS_KEYS_DIR = /Users/glenn/Documents/KTH/Mjukvarukonstruktion, DD1393/keys
# environment
PWD = /Users/glenn/Documents/KTH/CalPoly/Thesis/doc
# environment
ORIGINAL_XDG_CURRENT_DESKTOP = undefined
# environment
VSCODE_AMD_ENTRYPOINT = vs/workbench/api/node/extensionHostProcess
# environment
HOME = /Users/glenn
# default
MAKEFILEPATH = $(shell /usr/bin/xcode-select -print-path 2>/dev/null || echo /Developer)/Makefiles
# environment
VSCODE_CLI = 1
# environment
VSCODE_CODE_CACHE_PATH = /Users/glenn/Library/Application Support/Code/CachedData/6d9b74a70ca9c7733b29f0456fd8195364076dda
# environment
LOGNAME = glenn
# environment
APPLICATION_INSIGHTS_NO_DIAGNOSTIC_CHANNEL = 1
# environment
VSCODE_HANDLES_UNCAUGHT_ERRORS = true
# automatic
^D = $(patsubst %/,%,$(dir $^))
# environment
XPC_FLAGS = 0x0
# default
MAKE = $(MAKE_COMMAND)
# default
MAKECMDGOALS := all
# environment
SHLVL = 3
# environment
MODUS_DB_CONFIG = glenn:none@localhost/modusoperandi
# environment
JAVA_HOME = /Library/Java/JavaVirtualMachines/jdk-11.0.1.jdk/Contents/Home
# environment
LATEXWORKSHOP_DOCKER_LATEX = 
# default
MAKE_VERSION := 3.81
# environment
USER = glenn
# makefile
.DEFAULT_GOAL := out/
# environment
TERM_SESSION_ID = F32B2317-0449-4930-A859-09C67FCE0B35
# environment
CLASSPATH = /Users/glenn/Documents/KTH/INDA-asse/junit-4.12.jar:/Users/glenn/Documents/KTH/INDA-asse/hamcrest-core-1.3.jar:.
# automatic
%D = $(patsubst %/,%,$(dir $%))
# default
MAKE_COMMAND := /Library/Developer/CommandLineTools/usr/bin/make
# environment
TERM_PROGRAM = Apple_Terminal
# default
.VARIABLES := 
# environment
TMPDIR = /var/folders/sm/h2597q853wdbtzkb5j5_px1m0000gn/T/
# automatic
*F = $(notdir $*)
# environment
VSCODE_IPC_HOOK = /Users/glenn/Library/Application Support/Code/1.70.1-main.sock
# environment
MallocNanoZone = 0
# makefile
MAKEFLAGS = Rrqp
# environment
MFLAGS = -Rrqp
# automatic
*D = $(patsubst %/,%,$(dir $*))
# environment
TERM_PROGRAM_VERSION = 445
# environment
XPC_SERVICE_NAME = application.com.microsoft.VSCode.8734626122.8734626128.740709EF-014A-4439-8211-0F222F7A35EB
# automatic
+D = $(patsubst %/,%,$(dir $+))
# environment
MODUS_LOG_DIR = /Users/glenn/Documents/KTH/Mjukvarukonstruktion, DD1393/ModusOperandiServer/logs/
# automatic
+F = $(notdir $+)
# environment
__CF_USER_TEXT_ENCODING = 0x1F5:0x0:0x7
# environment
COMMAND_MODE = unix2003
# default
MAKEFILES := 
# automatic
<F = $(notdir $<)
# environment
REACT_EDITOR = code
# environment
LC_ALL = C
# environment
JAVA_TOOL_OPTIONS = -Dfile.encoding=UTF8 -Xmx8g
# automatic
^F = $(notdir $^)
# default
SUFFIXES := 
# default
.INCLUDE_DIRS = /usr/local/include
# environment
MAKELEVEL := 0
# environment
LANG = C
# environment
TERM = xterm-256color
# environment
VSCODE_PID = 2767
# variable set hash-table stats:
# Load=76/1024=7%, Rehash=0, Collisions=1/102=1%

# Pattern-specific Variable Values

# No pattern-specific variable values.

# Directories

# . (device 16777220, inode 8720160952): 25 files, no impossibilities.

# 25 files, no impossibilities in 1 directories.

# Implicit Rules

# No implicit rules.

# Files

out/kth: | out
#  Implicit rule search has not been done.
#  Last modified 2022-08-20 13:22:08
#  File has been updated.
#  Successfully updated.
# variable set hash-table stats:
# Load=0/32=0%, Rehash=0, Collisions=0/0=0%
#  commands to execute (from `Makefile', line 6):
	@mkdir out/kth
	

out/calpoly: | out
#  Implicit rule search has not been done.
#  Modification time never checked.
#  File has not been updated.
#  commands to execute (from `Makefile', line 9):
	@mkdir out/calpoly
	

all: kth calpoly
#  Command-line target.
#  Implicit rule search has been done.
#  File does not exist.
#  File has been updated.
#  Needs to be updated (-q is set).
# variable set hash-table stats:
# Load=0/32=0%, Rehash=0, Collisions=0/2=0%

# Not a target:
.SUFFIXES:
#  Implicit rule search has not been done.
#  Modification time never checked.
#  File has not been updated.

# Not a target:
Makefile:
#  Implicit rule search has been done.
#  Last modified 2022-08-20 13:21:47
#  File has been updated.
#  Successfully updated.
# variable set hash-table stats:
# Load=0/32=0%, Rehash=0, Collisions=0/0=0%

out/:
#  Implicit rule search has not been done.
#  Modification time never checked.
#  File has not been updated.
#  commands to execute (from `Makefile', line 3):
	@mkdir out
	

# Not a target:
out:
#  Implicit rule search has been done.
#  Last modified 2022-08-20 13:22:08
#  File has been updated.
#  Successfully updated.
# variable set hash-table stats:
# Load=0/32=0%, Rehash=0, Collisions=0/0=0%

calpoly: | out/calpoly
#  Implicit rule search has not been done.
#  Modification time never checked.
#  File has not been updated.
#  commands to execute (from `Makefile', line 18):
	-latexmk -pdf -jobname=out/calpoly/calpoly -interaction=nonstopmode calpoly.tex
	mv out/calpoly/calpoly.pdf .
	notify Compiled KTH
	

# Not a target:
.DEFAULT:
#  Implicit rule search has not been done.
#  Modification time never checked.
#  File has not been updated.

clean:
#  Implicit rule search has not been done.
#  Modification time never checked.
#  File has not been updated.
#  commands to execute (from `Makefile', line 29):
	@rm -rf out/ kth.pdf calpoly.pdf
	

kth: | out/kth
#  Implicit rule search has not been done.
#  Implicit/static pattern stem: `'
#  File does not exist.
#  File has been updated.
#  Needs to be updated (-q is set).
# automatic
# @ := kth
# automatic
# % := 
# automatic
# * := 
# automatic
# + := 
# automatic
# | := out/kth
# automatic
# < := 
# automatic
# ^ := 
# automatic
# ? := 
# variable set hash-table stats:
# Load=8/32=25%, Rehash=0, Collisions=1/10=10%
#  commands to execute (from `Makefile', line 13):
	-latexmk -pdf -f -jobname=out/kth/kth -interaction=nonstopmode kth.tex
	mv out/kth/kth.pdf .
	notify Compiled KTH
	

txt:
#  Implicit rule search has not been done.
#  Modification time never checked.
#  File has not been updated.
#  commands to execute (from `Makefile', line 25):
	pandoc -f latex -i kth.tex -t markdown+hard_line_breaks -o kth.txt
 
	pandoc -f latex -i calpoly.tex -t markdown+hard_line_breaks -o calpoly.txt
	

# files hash-table stats:
# Load=12/1024=1%, Rehash=0, Collisions=0/32=0%
# VPATH Search Paths

# No `vpath' search paths.

# No general (`VPATH' variable) search path.

# # of strings in strcache: 1
# # of strcache buffers: 1
# strcache size: total = 4096 / max = 4096 / min = 4096 / avg = 4096
# strcache free: total = 4087 / max = 4087 / min = 4087 / avg = 4087

# Finished Make data base on Sun Aug 21 09:58:36 2022

 
